<?xml version="1.0" encoding="UTF-8"?>
<testsuite xmlns:xsi="http://www.w3.org/2001/XMLSchema-instance" xsi:noNamespaceSchemaLocation="https://maven.apache.org/surefire/maven-surefire-plugin/xsd/surefire-test-report.xsd" name="CucumberJAVA.AppTest" time="0.161" tests="1" errors="0" skipped="0" failures="0">
  <properties>
    <property name="java.specification.version" value="13"/>
    <property name="sun.cpu.isalist" value="amd64"/>
    <property name="sun.jnu.encoding" value="Cp1252"/>
    <property name="java.class.path" value="C:\Users\a1dt2dem.ONEAIRTEL\Desktop\SimpleQA\AdidasQA\target\test-classes;C:\Users\a1dt2dem.ONEAIRTEL\Desktop\SimpleQA\AdidasQA\target\classes;C:\Users\a1dt2dem.ONEAIRTEL\.m2\repository\junit\junit\4.11\junit-4.11.jar;C:\Users\a1dt2dem.ONEAIRTEL\.m2\repository\org\hamcrest\hamcrest-core\1.3\hamcrest-core-1.3.jar;C:\Users\a1dt2dem.ONEAIRTEL\.m2\repository\org\seleniumhq\selenium\selenium-java\2.47.1\selenium-java-2.47.1.jar;C:\Users\a1dt2dem.ONEAIRTEL\.m2\repository\org\seleniumhq\selenium\selenium-chrome-driver\2.47.1\selenium-chrome-driver-2.47.1.jar;C:\Users\a1dt2dem.ONEAIRTEL\.m2\repository\org\seleniumhq\selenium\selenium-remote-driver\2.47.1\selenium-remote-driver-2.47.1.jar;C:\Users\a1dt2dem.ONEAIRTEL\.m2\repository\cglib\cglib-nodep\2.1_3\cglib-nodep-2.1_3.jar;C:\Users\a1dt2dem.ONEAIRTEL\.m2\repository\com\google\code\gson\gson\2.3.1\gson-2.3.1.jar;C:\Users\a1dt2dem.ONEAIRTEL\.m2\repository\org\seleniumhq\selenium\selenium-api\2.47.1\selenium-api-2.47.1.jar;C:\Users\a1dt2dem.ONEAIRTEL\.m2\repository\com\google\guava\guava\18.0\guava-18.0.jar;C:\Users\a1dt2dem.ONEAIRTEL\.m2\repository\org\seleniumhq\selenium\selenium-edge-driver\2.47.1\selenium-edge-driver-2.47.1.jar;C:\Users\a1dt2dem.ONEAIRTEL\.m2\repository\commons-io\commons-io\2.4\commons-io-2.4.jar;C:\Users\a1dt2dem.ONEAIRTEL\.m2\repository\org\apache\commons\commons-exec\1.3\commons-exec-1.3.jar;C:\Users\a1dt2dem.ONEAIRTEL\.m2\repository\org\seleniumhq\selenium\selenium-htmlunit-driver\2.47.1\selenium-htmlunit-driver-2.47.1.jar;C:\Users\a1dt2dem.ONEAIRTEL\.m2\repository\net\sourceforge\htmlunit\htmlunit\2.17\htmlunit-2.17.jar;C:\Users\a1dt2dem.ONEAIRTEL\.m2\repository\xalan\xalan\2.7.2\xalan-2.7.2.jar;C:\Users\a1dt2dem.ONEAIRTEL\.m2\repository\xalan\serializer\2.7.2\serializer-2.7.2.jar;C:\Users\a1dt2dem.ONEAIRTEL\.m2\repository\commons-collections\commons-collections\3.2.1\commons-collections-3.2.1.jar;C:\Users\a1dt2dem.ONEAIRTEL\.m2\repository\org\apache\commons\commons-lang3\3.4\commons-lang3-3.4.jar;C:\Users\a1dt2dem.ONEAIRTEL\.m2\repository\org\apache\httpcomponents\httpmime\4.4.1\httpmime-4.4.1.jar;C:\Users\a1dt2dem.ONEAIRTEL\.m2\repository\commons-codec\commons-codec\1.10\commons-codec-1.10.jar;C:\Users\a1dt2dem.ONEAIRTEL\.m2\repository\net\sourceforge\htmlunit\htmlunit-core-js\2.17\htmlunit-core-js-2.17.jar;C:\Users\a1dt2dem.ONEAIRTEL\.m2\repository\xerces\xercesImpl\2.11.0\xercesImpl-2.11.0.jar;C:\Users\a1dt2dem.ONEAIRTEL\.m2\repository\xml-apis\xml-apis\1.4.01\xml-apis-1.4.01.jar;C:\Users\a1dt2dem.ONEAIRTEL\.m2\repository\net\sourceforge\nekohtml\nekohtml\1.9.22\nekohtml-1.9.22.jar;C:\Users\a1dt2dem.ONEAIRTEL\.m2\repository\net\sourceforge\cssparser\cssparser\0.9.16\cssparser-0.9.16.jar;C:\Users\a1dt2dem.ONEAIRTEL\.m2\repository\org\w3c\css\sac\1.3\sac-1.3.jar;C:\Users\a1dt2dem.ONEAIRTEL\.m2\repository\commons-logging\commons-logging\1.2\commons-logging-1.2.jar;C:\Users\a1dt2dem.ONEAIRTEL\.m2\repository\org\eclipse\jetty\websocket\websocket-client\9.2.11.v20150529\websocket-client-9.2.11.v20150529.jar;C:\Users\a1dt2dem.ONEAIRTEL\.m2\repository\org\eclipse\jetty\jetty-util\9.2.11.v20150529\jetty-util-9.2.11.v20150529.jar;C:\Users\a1dt2dem.ONEAIRTEL\.m2\repository\org\eclipse\jetty\jetty-io\9.2.11.v20150529\jetty-io-9.2.11.v20150529.jar;C:\Users\a1dt2dem.ONEAIRTEL\.m2\repository\org\eclipse\jetty\websocket\websocket-common\9.2.11.v20150529\websocket-common-9.2.11.v20150529.jar;C:\Users\a1dt2dem.ONEAIRTEL\.m2\repository\org\eclipse\jetty\websocket\websocket-api\9.2.11.v20150529\websocket-api-9.2.11.v20150529.jar;C:\Users\a1dt2dem.ONEAIRTEL\.m2\repository\org\apache\httpcomponents\httpclient\4.4.1\httpclient-4.4.1.jar;C:\Users\a1dt2dem.ONEAIRTEL\.m2\repository\org\apache\httpcomponents\httpcore\4.4.1\httpcore-4.4.1.jar;C:\Users\a1dt2dem.ONEAIRTEL\.m2\repository\org\seleniumhq\selenium\selenium-firefox-driver\2.47.1\selenium-firefox-driver-2.47.1.jar;C:\Users\a1dt2dem.ONEAIRTEL\.m2\repository\org\seleniumhq\selenium\selenium-ie-driver\2.47.1\selenium-ie-driver-2.47.1.jar;C:\Users\a1dt2dem.ONEAIRTEL\.m2\repository\net\java\dev\jna\jna\4.1.0\jna-4.1.0.jar;C:\Users\a1dt2dem.ONEAIRTEL\.m2\repository\net\java\dev\jna\jna-platform\4.1.0\jna-platform-4.1.0.jar;C:\Users\a1dt2dem.ONEAIRTEL\.m2\repository\org\seleniumhq\selenium\selenium-safari-driver\2.47.1\selenium-safari-driver-2.47.1.jar;C:\Users\a1dt2dem.ONEAIRTEL\.m2\repository\org\seleniumhq\selenium\selenium-support\2.47.1\selenium-support-2.47.1.jar;C:\Users\a1dt2dem.ONEAIRTEL\.m2\repository\org\webbitserver\webbit\0.4.14\webbit-0.4.14.jar;C:\Users\a1dt2dem.ONEAIRTEL\.m2\repository\io\netty\netty\3.5.2.Final\netty-3.5.2.Final.jar;C:\Users\a1dt2dem.ONEAIRTEL\.m2\repository\org\seleniumhq\selenium\selenium-leg-rc\2.47.1\selenium-leg-rc-2.47.1.jar;C:\Users\a1dt2dem.ONEAIRTEL\.m2\repository\info\cukes\cucumber-java\1.0.2\cucumber-java-1.0.2.jar;C:\Users\a1dt2dem.ONEAIRTEL\.m2\repository\info\cukes\cucumber-core\1.0.2\cucumber-core-1.0.2.jar;C:\Users\a1dt2dem.ONEAIRTEL\.m2\repository\info\cukes\gherkin\2.9.3\gherkin-2.9.3.jar;C:\Users\a1dt2dem.ONEAIRTEL\.m2\repository\info\cukes\cucumber-html\0.2.1\cucumber-html-0.2.1.jar;C:\Users\a1dt2dem.ONEAIRTEL\.m2\repository\info\cukes\cucumber-junit\1.0.2\cucumber-junit-1.0.2.jar;"/>
    <property name="java.vm.vendor" value="Oracle Corporation"/>
    <property name="sun.arch.data.model" value="64"/>
    <property name="user.variant" value=""/>
    <property name="java.vendor.url" value="https://java.oracle.com/"/>
    <property name="user.timezone" value="Asia/Calcutta"/>
    <property name="os.name" value="Windows 10"/>
    <property name="java.vm.specification.version" value="13"/>
    <property name="sun.java.launcher" value="SUN_STANDARD"/>
    <property name="user.country" value="US"/>
    <property name="sun.boot.library.path" value="C:\Program Files\Java\jdk-13.0.2\bin"/>
    <property name="sun.java.command" value="C:\Users\A1DT2D~1.ONE\AppData\Local\Temp\surefire4377221372783168476\surefirebooter3061620105786839745.jar C:\Users\a1dt2dem.ONEAIRTEL\AppData\Local\Temp\surefire4377221372783168476 2021-01-21T21-42-52_498-jvmRun1 surefire11007764361582469255tmp surefire_016598920751009015650tmp"/>
    <property name="jdk.debug" value="release"/>
    <property name="surefire.test.class.path" value="C:\Users\a1dt2dem.ONEAIRTEL\Desktop\SimpleQA\AdidasQA\target\test-classes;C:\Users\a1dt2dem.ONEAIRTEL\Desktop\SimpleQA\AdidasQA\target\classes;C:\Users\a1dt2dem.ONEAIRTEL\.m2\repository\junit\junit\4.11\junit-4.11.jar;C:\Users\a1dt2dem.ONEAIRTEL\.m2\repository\org\hamcrest\hamcrest-core\1.3\hamcrest-core-1.3.jar;C:\Users\a1dt2dem.ONEAIRTEL\.m2\repository\org\seleniumhq\selenium\selenium-java\2.47.1\selenium-java-2.47.1.jar;C:\Users\a1dt2dem.ONEAIRTEL\.m2\repository\org\seleniumhq\selenium\selenium-chrome-driver\2.47.1\selenium-chrome-driver-2.47.1.jar;C:\Users\a1dt2dem.ONEAIRTEL\.m2\repository\org\seleniumhq\selenium\selenium-remote-driver\2.47.1\selenium-remote-driver-2.47.1.jar;C:\Users\a1dt2dem.ONEAIRTEL\.m2\repository\cglib\cglib-nodep\2.1_3\cglib-nodep-2.1_3.jar;C:\Users\a1dt2dem.ONEAIRTEL\.m2\repository\com\google\code\gson\gson\2.3.1\gson-2.3.1.jar;C:\Users\a1dt2dem.ONEAIRTEL\.m2\repository\org\seleniumhq\selenium\selenium-api\2.47.1\selenium-api-2.47.1.jar;C:\Users\a1dt2dem.ONEAIRTEL\.m2\repository\com\google\guava\guava\18.0\guava-18.0.jar;C:\Users\a1dt2dem.ONEAIRTEL\.m2\repository\org\seleniumhq\selenium\selenium-edge-driver\2.47.1\selenium-edge-driver-2.47.1.jar;C:\Users\a1dt2dem.ONEAIRTEL\.m2\repository\commons-io\commons-io\2.4\commons-io-2.4.jar;C:\Users\a1dt2dem.ONEAIRTEL\.m2\repository\org\apache\commons\commons-exec\1.3\commons-exec-1.3.jar;C:\Users\a1dt2dem.ONEAIRTEL\.m2\repository\org\seleniumhq\selenium\selenium-htmlunit-driver\2.47.1\selenium-htmlunit-driver-2.47.1.jar;C:\Users\a1dt2dem.ONEAIRTEL\.m2\repository\net\sourceforge\htmlunit\htmlunit\2.17\htmlunit-2.17.jar;C:\Users\a1dt2dem.ONEAIRTEL\.m2\repository\xalan\xalan\2.7.2\xalan-2.7.2.jar;C:\Users\a1dt2dem.ONEAIRTEL\.m2\repository\xalan\serializer\2.7.2\serializer-2.7.2.jar;C:\Users\a1dt2dem.ONEAIRTEL\.m2\repository\commons-collections\commons-collections\3.2.1\commons-collections-3.2.1.jar;C:\Users\a1dt2dem.ONEAIRTEL\.m2\repository\org\apache\commons\commons-lang3\3.4\commons-lang3-3.4.jar;C:\Users\a1dt2dem.ONEAIRTEL\.m2\repository\org\apache\httpcomponents\httpmime\4.4.1\httpmime-4.4.1.jar;C:\Users\a1dt2dem.ONEAIRTEL\.m2\repository\commons-codec\commons-codec\1.10\commons-codec-1.10.jar;C:\Users\a1dt2dem.ONEAIRTEL\.m2\repository\net\sourceforge\htmlunit\htmlunit-core-js\2.17\htmlunit-core-js-2.17.jar;C:\Users\a1dt2dem.ONEAIRTEL\.m2\repository\xerces\xercesImpl\2.11.0\xercesImpl-2.11.0.jar;C:\Users\a1dt2dem.ONEAIRTEL\.m2\repository\xml-apis\xml-apis\1.4.01\xml-apis-1.4.01.jar;C:\Users\a1dt2dem.ONEAIRTEL\.m2\repository\net\sourceforge\nekohtml\nekohtml\1.9.22\nekohtml-1.9.22.jar;C:\Users\a1dt2dem.ONEAIRTEL\.m2\repository\net\sourceforge\cssparser\cssparser\0.9.16\cssparser-0.9.16.jar;C:\Users\a1dt2dem.ONEAIRTEL\.m2\repository\org\w3c\css\sac\1.3\sac-1.3.jar;C:\Users\a1dt2dem.ONEAIRTEL\.m2\repository\commons-logging\commons-logging\1.2\commons-logging-1.2.jar;C:\Users\a1dt2dem.ONEAIRTEL\.m2\repository\org\eclipse\jetty\websocket\websocket-client\9.2.11.v20150529\websocket-client-9.2.11.v20150529.jar;C:\Users\a1dt2dem.ONEAIRTEL\.m2\repository\org\eclipse\jetty\jetty-util\9.2.11.v20150529\jetty-util-9.2.11.v20150529.jar;C:\Users\a1dt2dem.ONEAIRTEL\.m2\repository\org\eclipse\jetty\jetty-io\9.2.11.v20150529\jetty-io-9.2.11.v20150529.jar;C:\Users\a1dt2dem.ONEAIRTEL\.m2\repository\org\eclipse\jetty\websocket\websocket-common\9.2.11.v20150529\websocket-common-9.2.11.v20150529.jar;C:\Users\a1dt2dem.ONEAIRTEL\.m2\repository\org\eclipse\jetty\websocket\websocket-api\9.2.11.v20150529\websocket-api-9.2.11.v20150529.jar;C:\Users\a1dt2dem.ONEAIRTEL\.m2\repository\org\apache\httpcomponents\httpclient\4.4.1\httpclient-4.4.1.jar;C:\Users\a1dt2dem.ONEAIRTEL\.m2\repository\org\apache\httpcomponents\httpcore\4.4.1\httpcore-4.4.1.jar;C:\Users\a1dt2dem.ONEAIRTEL\.m2\repository\org\seleniumhq\selenium\selenium-firefox-driver\2.47.1\selenium-firefox-driver-2.47.1.jar;C:\Users\a1dt2dem.ONEAIRTEL\.m2\repository\org\seleniumhq\selenium\selenium-ie-driver\2.47.1\selenium-ie-driver-2.47.1.jar;C:\Users\a1dt2dem.ONEAIRTEL\.m2\repository\net\java\dev\jna\jna\4.1.0\jna-4.1.0.jar;C:\Users\a1dt2dem.ONEAIRTEL\.m2\repository\net\java\dev\jna\jna-platform\4.1.0\jna-platform-4.1.0.jar;C:\Users\a1dt2dem.ONEAIRTEL\.m2\repository\org\seleniumhq\selenium\selenium-safari-driver\2.47.1\selenium-safari-driver-2.47.1.jar;C:\Users\a1dt2dem.ONEAIRTEL\.m2\repository\org\seleniumhq\selenium\selenium-support\2.47.1\selenium-support-2.47.1.jar;C:\Users\a1dt2dem.ONEAIRTEL\.m2\repository\org\webbitserver\webbit\0.4.14\webbit-0.4.14.jar;C:\Users\a1dt2dem.ONEAIRTEL\.m2\repository\io\netty\netty\3.5.2.Final\netty-3.5.2.Final.jar;C:\Users\a1dt2dem.ONEAIRTEL\.m2\repository\org\seleniumhq\selenium\selenium-leg-rc\2.47.1\selenium-leg-rc-2.47.1.jar;C:\Users\a1dt2dem.ONEAIRTEL\.m2\repository\info\cukes\cucumber-java\1.0.2\cucumber-java-1.0.2.jar;C:\Users\a1dt2dem.ONEAIRTEL\.m2\repository\info\cukes\cucumber-core\1.0.2\cucumber-core-1.0.2.jar;C:\Users\a1dt2dem.ONEAIRTEL\.m2\repository\info\cukes\gherkin\2.9.3\gherkin-2.9.3.jar;C:\Users\a1dt2dem.ONEAIRTEL\.m2\repository\info\cukes\cucumber-html\0.2.1\cucumber-html-0.2.1.jar;C:\Users\a1dt2dem.ONEAIRTEL\.m2\repository\info\cukes\cucumber-junit\1.0.2\cucumber-junit-1.0.2.jar;"/>
    <property name="sun.cpu.endian" value="little"/>
    <property name="user.home" value="C:\Users\a1dt2dem.ONEAIRTEL"/>
    <property name="user.language" value="en"/>
    <property name="java.specification.vendor" value="Oracle Corporation"/>
    <property name="java.version.date" value="2020-01-14"/>
    <property name="java.home" value="C:\Program Files\Java\jdk-13.0.2"/>
    <property name="file.separator" value="\"/>
    <property name="basedir" value="C:\Users\a1dt2dem.ONEAIRTEL\Desktop\SimpleQA\AdidasQA"/>
    <property name="java.vm.compressedOopsMode" value="32-bit"/>
    <property name="line.separator" value="&#10;"/>
    <property name="java.vm.specification.vendor" value="Oracle Corporation"/>
    <property name="java.specification.name" value="Java Platform API Specification"/>
    <property name="surefire.real.class.path" value="C:\Users\A1DT2D~1.ONE\AppData\Local\Temp\surefire4377221372783168476\surefirebooter3061620105786839745.jar"/>
    <property name="user.script" value=""/>
    <property name="sun.management.compiler" value="HotSpot 64-Bit Tiered Compilers"/>
    <property name="java.runtime.version" value="13.0.2+8"/>
    <property name="user.name" value="A1DT2DEM"/>
    <property name="path.separator" value=";"/>
    <property name="os.version" value="10.0"/>
    <property name="java.runtime.name" value="Java(TM) SE Runtime Environment"/>
    <property name="file.encoding" value="Cp1252"/>
    <property name="java.vm.name" value="Java HotSpot(TM) 64-Bit Server VM"/>
    <property name="localRepository" value="C:\Users\a1dt2dem.ONEAIRTEL\.m2\repository"/>
    <property name="java.vendor.url.bug" value="https://bugreport.java.com/bugreport/"/>
    <property name="java.io.tmpdir" value="C:\Users\A1DT2D~1.ONE\AppData\Local\Temp\"/>
    <property name="java.version" value="13.0.2"/>
    <property name="user.dir" value="C:\Users\a1dt2dem.ONEAIRTEL\Desktop\SimpleQA\AdidasQA"/>
    <property name="os.arch" value="amd64"/>
    <property name="java.vm.specification.name" value="Java Virtual Machine Specification"/>
    <property name="sun.os.patch.level" value=""/>
    <property name="java.library.path" value="C:\Program Files\Java\jdk-13.0.2\bin;C:\windows\Sun\Java\bin;C:\windows\system32;C:\windows;C:/Program Files/Java/jdk-13.0.2/bin/server;C:/Program Files/Java/jdk-13.0.2/bin;C:\windows\system32;C:\windows;C:\windows\System32\Wbem;C:\windows\System32\WindowsPowerShell\v1.0\;C:\windows\System32\OpenSSH\;C:\Android_sdk\tools;C:\Android_sdk\platform-tools;%JAVA_HOME%\bin;C:\Program Files\nodejs\;C:\Users\a1dt2dem.ONEAIRTEL\AppData\Roaming\npm;C:\Program Files (x86)\Symantec\VIP Access Client\;C:\Android_sdk\tools\bin;C:\Users\a1dt2dem.ONEAIRTEL\AppData\Local\Programs\Python\Python38-32\Scripts\;C:\Users\a1dt2dem.ONEAIRTEL\AppData\Local\Programs\Python\Python38-32\;C:\Users\a1dt2dem.ONEAIRTEL\AppData\Local\Programs\Python\Launcher\;C:\Python\Python37\Scripts\;C:\Python\Python37\;C:\Users\a1dt2dem.ONEAIRTEL\AppData\Local\Microsoft\WindowsApps;C:\Program Files\apache-maven-3.6.3\bin;C:\Users\a1dt2dem.ONEAIRTEL\AppData\Roaming\npm;C:\Program Files\Git\cmd;C:\Program Files\JetBrains\PyCharm Community Edition 2020.1.1\bin;;&quot;C:\Program Files\Java\jdk-13.0.2\bin;C:\Android_sdk\tools;C:\Android_sdk\tools\bin;C:\Android_sdk\platform-tools;&quot;;;C:\Users\a1dt2dem.ONEAIRTEL\eclipse\jee-2019-12\eclipse;;."/>
    <property name="java.vm.info" value="mixed mode, sharing"/>
    <property name="java.vendor" value="Oracle Corporation"/>
    <property name="java.vm.version" value="13.0.2+8"/>
    <property name="sun.io.unicode.encoding" value="UnicodeLittle"/>
    <property name="java.class.version" value="57.0"/>
  </properties>
  <testcase name="shouldAnswerWithTrue" classname="CucumberJAVA.AppTest" time="0.011"/>
</testsuite>